acpi 1.7-3
alacritty 0.11.0-2
alltray 0.7.5.1dev-7
alsa-utils 1.2.8-1
arc-icon-theme-full-git 1.0.r114.gbfce0c2-1
archlinux-keyring 20221220-1
autoconf 2.71-1
automake 1.16.5-1
awesome-git 4.3.1586.gee0663459-1
baobab 43.0-1
base 3-1
bat 0.22.1-1
batstat-git r14.c04f124-1
bc 1.07.1-4
bind 9.18.10-1
binutils 2.40-2
bison 3.8.2-4
btop 1.2.13-1
cloc 1.96-1
cmake 3.25.2-1
copyq 6.4.0-1
debugedit 5.0-4
deno 1.29.4-1
dnsmasq 2.88-1
drawing 1.0.1-1
dunst 1.9.0-1
efibootmgr 18-1
evtest 1.35-1
exa 0.10.1-6
fakeroot 1.30.1-1
fd 8.6.0-1
feh 3.9.1-2
ffmpegthumbnailer 2.2.2-4
file 5.44-1
findutils 4.9.0-2
firefox 109.0-1
fish 3.6.0-1
flameshot 12.1.0-1
fzf 0.37.0-1
fzy 1.0-2
gawk 5.2.1-1
gcc 12.2.1-1
gedit 44.2-1
gettext 0.21.1-2
ghc 9.0.2-2
git 2.39.1-1
git-delta 0.15.1-1
github-cli 2.22.0-1
go 2:1.19.5-1
google-chrome 109.0.5414.74-1
gopls 0.11.0-1
gparted 1.4.0-1
gpick 0.3-1
gpointing-device-settings 1.5.1-5
graphicsmagick 1.3.40-1
grep 3.8-2
groff 1.22.4-7
gzip 1.12-1
htop 3.2.1-1
httpie 3.2.1-1
hyperfine 1.15.0-1
ibus-bamboo 0.8.2_RC3-1
imv 4.4.0-1
imwheel 1.0.0pre12-6
intel-media-driver 23.1.0-1
intel-ucode 20221108-1
iwd 2.2-1
jq 1.6-4
jre-openjdk 19.0.2.u7-2
kitty 0.26.5-1
kmonad-bin 0.4.1-4
lazygit 0.36.0-1
libreoffice-fresh 7.4.5-1
libtool 2.4.7+4+g1ec8fa28-1
libva-utils 2.17.1-1
libvdpau-va-gl 0.4.2-3
linux 6.1.8.arch1-1
linux-firmware 20230117.7e4f0ed-1
lsd 0.23.1-1
lshw B.02.19.2-5
lxappearance-gtk3 0.6.3-4
m4 1.4.19-2
make 4.4-1
megacmd 1.5.1-2
mesa-utils 8.5.0-2
mp3splt 2.6.2-3
mpv 1:0.35.0-5
neofetch 7.1.0-2
neovim 0.8.2-1
network-manager-applet 1.30.0-1
networkmanager 1.40.12-1
nodejs-lts-gallium 16.19.0-1
noto-fonts 20220810-1
noto-fonts-cjk 20220126-1
noto-fonts-emoji 20220920-1
npm 8.19.2-1
openssl-1.1 1.1.1.s-4
openvpn 2.5.8-2
pacman 6.0.2-5
pacman-contrib 1.8.2-1
pandoc-bin 2.19.2-1
patch 2.7.6-8
pavucontrol 1:5.0+r61+gee77d86-2
pkgconf 1.8.0-1
powertop 2.15-1
pulseaudio 16.1-3
pulseaudio-alsa 1:1.2.7.1-1
pulseaudio-equalizer 16.1-3
pulseaudio-jack 16.1-3
python-pip 22.3.1-1
python-pyalsa 1.2.7-1
qalculate-gtk 4.5.1-1
qbittorrent 4.5.0-1
qutebrowser 2.5.2-2
ripgrep 13.0.0-3
rofi 1.7.5-1
ruby 3.0.5-1
rustdesk-bin 1.1.9-3
rustup 1.25.1-2
scrot 1.8.1-1
sed 4.9-1
shellcheck-bin 0.9.0-1
shfmt 3.6.0-1
simplescreenrecorder 0.4.4-1
starship 1.12.0-3
stow 2.3.1-3
stylua 0.16.0-1
sudo 1.9.12.p2-1
sxiv 26-1
tesseract-data-eng 2:4.1.0-3
tesseract-data-vie 2:4.1.0-3
thunar 4.18.3-1
tmux 3.3_a-2
trash-cli 0.22.10.20-3
ttf-opensans 1.101-2
tumbler 4.18.0-1
unzip 6.0-19
vcsh 2.0.5-1
vdpauinfo 1.5-1
vim 9.0.1182-1
wdiff 1.2.2-4
wget 1.21.3-1
which 2.21-5
wireshark-qt 4.0.3-1
xbanish 1.8-1
xclip 0.13-3
xcompmgr 1.1.9-1
xdg-desktop-portal 1.16.0-1
xdg-desktop-portal-gtk 1.14.1-1
xdg-utils 1.1.3+25+g8ae0263-1
xf86-input-evdev 2.10.6-3
xf86-input-synaptics 1.9.2-1
xf86-input-vmmouse 13.2.0-1
xf86-input-void 1.4.2-1
xf86-video-dummy 0.4.0-1
xf86-video-fbdev 0.5.0-3
xf86-video-intel 1:2.99.917+916+g31486f40-2
xf86-video-openchrome 0.6.0.r798.g0c75274-1
xf86-video-qxl 0.1.5.r23.g52e9752-2
xf86-video-vesa 2.6.0-1
xf86-video-voodoo 1.2.6-1
xfce4-power-manager 4.18.0-1
xfce4-settings 4.18.1-1
xorg-bdftopcf 1.1.1-1
xorg-docs 1.7.2-2
xorg-font-util 1.3.3-1
xorg-fonts-100dpi 1.0.3-8
xorg-fonts-75dpi 1.0.3-8
xorg-fonts-encodings 1.0.6-1
xorg-iceauth 1.0.9-1
xorg-mkfontscale 1.2.2-1
xorg-server 21.1.6-1
xorg-server-common 21.1.6-1
xorg-server-devel 21.1.6-1
xorg-server-xephyr 21.1.6-1
xorg-server-xnest 21.1.6-1
xorg-server-xvfb 21.1.6-1
xorg-sessreg 1.1.3-1
xorg-setxkbmap 1.3.3-1
xorg-smproxy 1.0.7-1
xorg-x11perf 1.6.2-1
xorg-xauth 1.1.2-1
xorg-xbacklight 1.2.3-3
xorg-xcmsdb 1.0.6-1
xorg-xcursorgen 1.0.8-1
xorg-xdpyinfo 1.3.3-4
xorg-xdriinfo 1.0.7-1
xorg-xev 1.2.5-1
xorg-xgamma 1.0.7-1
xorg-xhost 1.0.9-1
xorg-xinit 1.4.2-1
xorg-xinput 1.6.3-3
xorg-xkbcomp 1.4.6-1
xorg-xkbevd 1.1.5-1
xorg-xkbprint 1.0.6-1
xorg-xkbutils 1.0.5-1
xorg-xkill 1.0.6-1
xorg-xlsatoms 1.1.4-1
xorg-xlsclients 1.1.5-1
xorg-xmessage 1.0.6-1
xorg-xmodmap 1.0.11-1
xorg-xpr 1.1.0-1
xorg-xprop 1.2.6-1
xorg-xrandr 1.5.2-1
xorg-xrdb 1.2.1-1
xorg-xrefresh 1.0.7-1
xorg-xset 1.2.5-1
xorg-xsetroot 1.1.3-1
xorg-xvinfo 1.1.5-1
xorg-xwayland 22.1.7-1
xorg-xwd 1.0.8-1
xorg-xwininfo 1.1.5-3
xorg-xwud 1.0.6-1
xsel 1.2.0.20200527-2
xterm 378-1
yarn 1.22.19-1
yay 11.3.2-1
youtube-dl 2021.12.17-1
zathura-cb 0.1.10-1
zathura-pdf-mupdf 0.3.9-1
zram-generator 1.1.2-1
